d:\uwp develop\2019\laihuavideo\laihuavideo\mediacodecrt\x64\debug\pch.pch
d:\uwp develop\2019\laihuavideo\laihuavideo\mediacodecrt\x64\debug\vc141.pdb
d:\uwp develop\2019\laihuavideo\laihuavideo\mediacodecrt\x64\debug\vc141.idb
d:\uwp develop\2019\laihuavideo\laihuavideo\mediacodecrt\x64\debug\pch.obj
d:\uwp develop\2019\laihuavideo\laihuavideo\mediacodecrt\x64\debug\dllloader.obj
d:\uwp develop\2019\laihuavideo\laihuavideo\mediacodecrt\x64\debug\mediacodec.obj
d:\uwp develop\2019\laihuavideo\laihuavideo\x64\debug\mediacodecrt\mediacodecrt.dll
d:\uwp develop\2019\laihuavideo\laihuavideo\x64\debug\mediacodecrt\mediacodecrt.ilk
d:\uwp develop\2019\laihuavideo\laihuavideo\x64\debug\mediacodecrt\mediacodecrt.pdb
d:\uwp develop\2019\laihuavideo\laihuavideo\x64\debug\mediacodecrt\mediacodecrt.winmd
d:\uwp develop\2019\laihuavideo\laihuavideo\x64\debug\mediacodecrt\mediacodecrt.lib
d:\uwp develop\2019\laihuavideo\laihuavideo\x64\debug\mediacodecrt\mediacodecrt.exp
d:\uwp develop\2019\laihuavideo\laihuavideo\mediacodecrt\x64\debug\priconfig.xml
d:\uwp develop\2019\laihuavideo\laihuavideo\mediacodecrt\x64\debug\priconfig.xml.intermediate
d:\uwp develop\2019\laihuavideo\laihuavideo\mediacodecrt\x64\debug\unfiltered.layout.resfiles
d:\uwp develop\2019\laihuavideo\laihuavideo\mediacodecrt\x64\debug\unfiltered.layout.resfiles.intermediate
d:\uwp develop\2019\laihuavideo\laihuavideo\mediacodecrt\x64\debug\filtered.layout.resfiles
d:\uwp develop\2019\laihuavideo\laihuavideo\mediacodecrt\x64\debug\filtered.layout.resfiles.intermediate
d:\uwp develop\2019\laihuavideo\laihuavideo\mediacodecrt\x64\debug\excluded.layout.resfiles
d:\uwp develop\2019\laihuavideo\laihuavideo\mediacodecrt\x64\debug\excluded.layout.resfiles.intermediate
d:\uwp develop\2019\laihuavideo\laihuavideo\mediacodecrt\x64\debug\resources.resfiles
d:\uwp develop\2019\laihuavideo\laihuavideo\mediacodecrt\x64\debug\resources.resfiles.intermediate
d:\uwp develop\2019\laihuavideo\laihuavideo\mediacodecrt\x64\debug\pri.resfiles
d:\uwp develop\2019\laihuavideo\laihuavideo\mediacodecrt\x64\debug\pri.resfiles.intermediate
d:\uwp develop\2019\laihuavideo\laihuavideo\x64\debug\mediacodecrt\mediacodecrt.pri
d:\uwp develop\2019\laihuavideo\laihuavideo\mediacodecrt\x64\debug\qualifiers.txt
d:\uwp develop\2019\laihuavideo\laihuavideo\mediacodecrt\x64\debug\qualifiers.txt.intermediate
d:\uwp develop\2019\laihuavideo\laihuavideo\mediacodecrt\x64\debug\multiplequalifiersperdimensionfound.txt
d:\uwp develop\2019\laihuavideo\laihuavideo\mediacodecrt\x64\debug\mediacodecrt.vcxprojassemblyreference.cache
d:\uwp develop\2019\laihuavideo\laihuavideo\mediacodecrt\x64\debug\mediacodecrt.tlog\cl.command.1.tlog
d:\uwp develop\2019\laihuavideo\laihuavideo\mediacodecrt\x64\debug\mediacodecrt.tlog\cl.read.1.tlog
d:\uwp develop\2019\laihuavideo\laihuavideo\mediacodecrt\x64\debug\mediacodecrt.tlog\cl.write.1.tlog
d:\uwp develop\2019\laihuavideo\laihuavideo\mediacodecrt\x64\debug\mediacodecrt.tlog\link.command.1.tlog
d:\uwp develop\2019\laihuavideo\laihuavideo\mediacodecrt\x64\debug\mediacodecrt.tlog\link.read.1.tlog
d:\uwp develop\2019\laihuavideo\laihuavideo\mediacodecrt\x64\debug\mediacodecrt.tlog\link.write.1.tlog
d:\uwp develop\2019\laihuavideo\laihuavideo\mediacodecrt\x64\debug\mediacodecrt.tlog\mediacodecrt.read.1u.tlog
d:\uwp develop\2019\laihuavideo\laihuavideo\mediacodecrt\x64\debug\mediacodecrt.tlog\mediacodecrt.write.1u.tlog
